2018-11-30T00:04:49.897Z - info: Environment variables loaded.
2018-11-30T00:04:49.914Z - debug: START routing
2018-11-30T00:04:49.988Z - debug: END routing
2018-11-30T00:04:49.988Z - info: Loaded routing.
2018-11-30T00:04:50.058Z - info: START seeder.
2018-11-30T00:04:50.063Z - debug: 5 products seeded
2018-11-30T00:04:50.063Z - debug: 5 orders seeded
2018-11-30T00:04:50.068Z - debug: 5 customers seeded
2018-11-30T00:04:50.072Z - debug: 5 Order Line seeded
2018-11-30T00:04:50.072Z - info: END Seeder. Sample data read and verified.
2018-11-30T03:55:58.451Z - info: Environment variables loaded.
2018-11-30T03:55:58.476Z - debug: START routing
2018-11-30T03:55:58.515Z - debug: END routing
2018-11-30T03:55:58.515Z - info: Loaded routing.
2018-11-30T03:55:58.550Z - info: START seeder.
2018-11-30T03:55:58.554Z - debug: 5 products seeded
2018-11-30T03:55:58.555Z - debug: 5 orders seeded
2018-11-30T03:55:58.557Z - debug: 5 customers seeded
2018-11-30T03:55:58.560Z - debug: 5 Order Line seeded
2018-11-30T03:55:58.560Z - info: END Seeder. Sample data read and verified.
2018-11-30T03:56:07.750Z - debug: GET /
2018-11-30T03:56:07.763Z - debug: Request to /
2018-11-30T03:56:08.171Z - debug: GET /images/favicon-32x32.png
2018-11-30T03:56:08.174Z - debug: GET /images/manifest.json
2018-11-30T03:56:08.193Z - debug: GET /images/favicon-16x16.png
2018-11-30T03:56:08.202Z - debug: GET /images/favicon-96x96.png
2018-11-30T03:56:08.212Z - debug: GET /images/android-icon-192x192.png
2018-11-30T03:56:31.326Z - debug: GET /images/manifest.json
2018-11-30T03:56:40.851Z - debug: GET /
2018-11-30T03:56:40.853Z - debug: Request to /
2018-11-30T03:56:41.135Z - debug: GET /images/manifest.json
2018-11-30T03:57:56.462Z - debug: GET /
2018-11-30T03:57:56.465Z - debug: Request to /
2018-11-30T03:57:56.589Z - debug: GET /images/manifest.json
2018-11-30T03:58:04.544Z - debug: GET /images/manifest.json
2018-11-30T04:04:05.368Z - info: Environment variables loaded.
2018-11-30T04:04:05.379Z - debug: START routing
2018-11-30T04:04:05.419Z - debug: END routing
2018-11-30T04:04:05.419Z - info: Loaded routing.
2018-11-30T04:04:05.457Z - info: START seeder.
2018-11-30T04:04:05.461Z - debug: 5 products seeded
2018-11-30T04:04:05.463Z - debug: 5 orders seeded
2018-11-30T04:04:05.465Z - debug: 5 customers seeded
2018-11-30T04:04:05.466Z - debug: 5 Order Line seeded
2018-11-30T04:04:05.466Z - info: END Seeder. Sample data read and verified.
2018-11-30T04:04:15.744Z - debug: GET /
2018-11-30T04:04:15.755Z - debug: Request to /
2018-11-30T04:04:16.210Z - debug: GET /images/manifest.json
